        -:    0:Source:unittest1.c
        -:    0:Graph:./unittest1.gcno
        -:    0:Data:./unittest1.gcda
        -:    0:Runs:7
        -:    0:Programs:1
        -:    1:#include "assert.h"
        -:    2:#include "dominion.h"
        -:    3:#include <stdio.h>
        -:    4:#include "rngs.h"
        -:    5:#include <stdlib.h>
        -:    6:
        -:    7:int main (int argc, char** argv) {
        -:    8:  //testing Supply count
        -:    9:  struct gameState G;
        -:   10:
        7:   11:  int k[10] = {adventurer, gardens, embargo, village, minion, mine, cutpurse,
        -:   12:	       sea_hag, tribute, smithy};
        -:   13:
        7:   14:  printf ("*** Starting supplyCount Unit Test. ***\n");
        7:   15:  int goldSupply = 0;
        7:   16:  int r = initializeGame(2, k, 123, &G);
        -:   17:  //set gold supply to 5
        7:   18:  printf("Setting gold supply to 5 with supplyCount.\n");
        7:   19:  goldSupply = G.supplyCount[gold] = 5;
        7:   20:  printf("Gold Supply is: %i\n", goldSupply);
        -:   21:  //assert gold supply is not 5
       14:   22:  assert (goldSupply == 5);
        -:   23:
        7:   24:  printf("Test passed\n");
        -:   25:
       14:   26:  assert (r == 0);
        7:   27:  return 0;
        -:   28:}
